[2024-04-14 10-12-14.898]-info:	200 - OK
[2024-04-14 10-12-15.395]-info:	200 - OK
[2024-04-14 10-12-18.647]-info:	200 - OK
[2024-04-14 10-12-18.979]-info:	200 - OK
[2024-04-14 10-25-32.539]-info:	200 - OK
[2024-04-14 10-25-33.193]-info:	200 - OK
[2024-04-14 10-33-05.204]-info:	200 - OK
[2024-04-14 10-33-06.696]-info:	200 - OK
[2024-04-14 10-40-59.447]-info:	200 - OK
[2024-04-14 10-41-00.192]-info:	200 - OK
[2024-04-14 10-42-46.660]-info:	200 - OK
[2024-04-14 10-42-47.331]-info:	200 - OK
[2024-04-14 10-43-21.371]-info:	200 - OK
[2024-04-14 10-43-25.714]-info:	200 - OK
[2024-04-14 10-43-26.230]-info:	200 - OK
[2024-04-14 10-43-26.323]-info:	200 - OK
[2024-04-14 10-44-30.555]-info:	200 - OK
[2024-04-14 10-44-31.166]-info:	200 - OK
[2024-04-14 10-44-31.183]-info:	200 - OK
[2024-04-14 10-48-44.418]-info:	200 - OK
[2024-04-14 10-48-45.289]-info:	200 - OK
[2024-04-14 10-48-48.700]-info:	200 - OK
[2024-04-14 10-48-49.358]-info:	200 - OK
[2024-04-14 10-48-49.413]-info:	200 - OK
[2024-04-14 10-48-54.255]-info:	200 - OK
[2024-04-14 10-48-54.798]-info:	200 - OK
[2024-04-14 10-48-56.382]-info:	200 - OK
[2024-04-14 10-48-56.550]-info:	200 - OK
[2024-04-14 10-48-56.620]-info:	200 - OK
[2024-04-14 10-48-58.276]-info:	200 - OK
[2024-04-14 10-48-58.548]-info:	200 - OK
[2024-04-14 10-49-05.165]-info:	200 - OK
[2024-04-14 10-50-59.896]-info:	200 - OK
[2024-04-14 10-51-00.571]-info:	200 - OK
[2024-04-14 10-51-00.601]-info:	200 - OK
[2024-04-14 10-55-55.100]-info:	200 - OK
[2024-04-14 10-55-55.908]-info:	200 - OK
[2024-04-14 10-55-56.032]-info:	200 - OK
[2024-04-14 10-56-56.600]-info:	200 - OK
[2024-04-14 10-56-57.760]-info:	200 - OK
[2024-04-14 10-56-58.059]-info:	200 - OK
[2024-04-14 10-57-06.819]-info:	200 - OK
[2024-04-14 10-57-07.447]-info:	200 - OK
[2024-04-14 10-57-08.130]-info:	200 - OK
[2024-04-14 10-58-06.775]-info:	200 - OK
[2024-04-14 10-58-07.000]-error:	GET - /api/v1/OnlineLS/course - 500 - invalid signature
[2024-04-14 10-58-07.477]-info:	200 - OK
[2024-04-14 10-58-21.746]-info:	200 - OK
[2024-04-14 10-58-22.768]-error:	GET - /api/v1/OnlineLS/user/refresh - 401 - Please provide client id to access resource.
[2024-04-14 10-58-23.228]-error:	GET - /api/v1/OnlineLS/user/me - 401 - Please login to access recourse.
[2024-04-14 10-58-28.973]-info:	200 - OK
[2024-04-14 10-58-33.069]-info:	200 - OK
[2024-04-14 11-02-15.118]-info:	200 - OK
[2024-04-14 11-02-15.668]-info:	200 - OK
[2024-04-14 11-02-15.703]-info:	200 - OK
[2024-04-14 11-04-26.195]-info:	200 - OK
[2024-04-14 11-04-58.337]-error:	GET - /api/v1/OnlineLS/course - 500 - invalid signature
[2024-04-14 11-05-26.087]-info:	200 - OK
[2024-04-14 11-09-29.767]-info:	200 - OK
[2024-04-14 11-09-33.380]-info:	200 - OK
[2024-04-14 11-11-00.690]-info:	200 - OK
[2024-04-14 11-11-01.066]-info:	200 - OK
[2024-04-14 11-11-01.290]-info:	200 - OK
[2024-04-14 11-16-09.417]-info:	200 - OK
[2024-04-14 11-16-09.995]-info:	200 - OK
[2024-04-14 11-19-12.943]-info:	200 - OK
[2024-04-14 11-19-15.817]-info:	200 - OK
[2024-04-14 11-19-30.989]-info:	200 - OK
[2024-04-14 11-19-32.542]-info:	200 - OK
[2024-04-14 11-20-06.450]-info:	200 - OK
[2024-04-14 11-20-08.155]-info:	200 - OK
[2024-04-14 11-21-28.126]-info:	200 - OK
[2024-04-14 11-29-29.771]-info:	200 - OK
[2024-04-14 11-29-31.024]-info:	200 - OK
[2024-04-14 11-29-31.233]-info:	200 - OK
[2024-04-14 11-30-14.033]-info:	200 - OK
[2024-04-14 11-30-14.410]-info:	200 - OK
[2024-04-14 11-30-14.488]-info:	200 - OK
[2024-04-14 11-31-19.673]-info:	200 - OK
[2024-04-14 11-31-21.693]-info:	200 - OK
[2024-04-14 11-31-21.851]-info:	200 - OK
[2024-04-14 11-36-50.863]-info:	200 - OK
[2024-04-14 11-36-52.340]-info:	200 - OK
[2024-04-14 11-36-52.614]-info:	200 - OK
[2024-04-14 11-37-21.627]-info:	200 - OK
[2024-04-14 11-37-22.122]-info:	200 - OK
[2024-04-14 11-37-22.242]-info:	200 - OK
[2024-04-14 11-41-31.875]-info:	200 - OK
[2024-04-14 11-41-51.230]-info:	200 - OK
[2024-04-14 11-41-51.562]-info:	200 - OK
[2024-04-14 11-41-51.823]-info:	200 - OK
[2024-04-14 11-45-07.870]-info:	200 - OK
[2024-04-14 11-45-11.567]-info:	200 - OK
[2024-04-14 11-45-12.026]-info:	200 - OK
[2024-04-14 11-45-12.137]-info:	200 - OK
[2024-04-14 11-46-27.620]-info:	200 - OK
[2024-04-14 11-46-28.299]-info:	200 - OK
[2024-04-14 11-46-28.429]-info:	200 - OK
[2024-04-14 12-02-29.678]-info:	200 - OK
[2024-04-14 12-02-30.461]-info:	200 - OK
[2024-04-14 12-02-30.531]-info:	200 - OK
[2024-04-14 12-03-41.916]-info:	200 - OK
[2024-04-14 12-03-42.584]-info:	200 - OK
[2024-04-14 12-03-42.762]-info:	200 - OK
[2024-04-14 12-05-18.774]-info:	200 - OK
[2024-04-14 12-05-20.148]-error:	GET - /api/v1/OnlineLS/order - 500 - Cannot populate path `courseId` because it is not in your schema. Set the `strictPopulate` option to false to override.
[2024-04-14 12-05-20.471]-info:	200 - OK
[2024-04-14 12-05-31.750]-info:	200 - OK
[2024-04-14 12-05-33.627]-error:	GET - /api/v1/OnlineLS/order - 500 - Cannot populate path `courseId` because it is not in your schema. Set the `strictPopulate` option to false to override.
[2024-04-14 12-05-33.886]-info:	200 - OK
[2024-04-14 12-06-36.876]-info:	200 - OK
[2024-04-14 12-06-37.332]-error:	GET - /api/v1/OnlineLS/order - 500 - invalid signature
[2024-04-14 12-06-37.548]-info:	200 - OK
[2024-04-14 12-06-57.899]-info:	200 - OK
[2024-04-14 12-06-59.056]-error:	GET - /api/v1/OnlineLS/user/refresh - 401 - Please provide client id to access resource.
[2024-04-14 12-06-59.675]-error:	GET - /api/v1/OnlineLS/user/me - 401 - Please login to access recourse.
[2024-04-14 12-07-05.181]-info:	200 - OK
[2024-04-14 12-07-08.662]-info:	200 - OK
[2024-04-14 12-08-26.171]-info:	200 - OK
[2024-04-14 12-08-28.296]-info:	200 - OK
[2024-04-14 12-08-29.063]-info:	200 - OK
[2024-04-14 02-18-38.168]-error:	GET - /api/v1/OnlineLS/user - 401 - Please login to access recourse.
[2024-04-14 02-18-39.102]-error:	GET - /api/v1/OnlineLS/user - 401 - Please login to access recourse.
[2024-04-14 02-18-41.722]-info:	200 - OK
[2024-04-14 02-18-42.110]-info:	200 - OK
[2024-04-14 02-18-42.296]-info:	200 - OK
[2024-04-14 02-18-50.980]-info:	200 - OK
[2024-04-14 02-18-52.550]-info:	200 - OK
[2024-04-14 02-18-52.779]-info:	200 - OK
[2024-04-14 02-18-55.918]-info:	200 - OK
[2024-04-14 02-20-33.450]-info:	200 - OK
[2024-04-14 02-20-33.943]-info:	200 - OK
[2024-04-14 02-20-35.773]-info:	200 - OK
[2024-04-14 02-20-36.076]-info:	200 - OK
[2024-04-14 02-28-47.821]-error:	GET - /api/v1/OnlineLS/course - 401 - Please login to access recourse.
[2024-04-14 02-28-49.843]-error:	GET - /api/v1/OnlineLS/course - 401 - Please login to access recourse.
[2024-04-14 02-28-52.820]-info:	200 - OK
[2024-04-14 02-28-53.137]-info:	200 - OK
[2024-04-14 02-28-53.270]-info:	200 - OK
[2024-04-14 02-29-13.238]-info:	200 - OK
[2024-04-14 02-29-14.101]-error:	GET - /api/v1/OnlineLS/user/refresh - 401 - Please provide client id to access resource.
[2024-04-14 02-29-14.427]-error:	GET - /api/v1/OnlineLS/user/me - 401 - Please login to access recourse.
[2024-04-14 02-29-21.823]-info:	200 - OK
[2024-04-14 02-29-25.521]-info:	200 - OK
[2024-04-14 02-29-25.639]-info:	200 - OK
[2024-04-14 02-29-25.773]-info:	200 - OK
[2024-04-14 02-29-27.373]-info:	200 - OK
[2024-04-14 02-29-27.643]-info:	200 - OK
[2024-04-14 02-29-28.695]-info:	200 - OK
[2024-04-14 02-29-32.228]-info:	200 - OK
[2024-04-14 02-29-32.587]-info:	200 - OK
[2024-04-14 02-29-32.741]-info:	200 - OK
[2024-04-14 02-29-38.376]-info:	200 - OK
[2024-04-14 02-29-38.556]-info:	200 - OK
[2024-04-14 02-29-39.848]-info:	200 - OK
[2024-04-14 02-36-00.714]-info:	200 - OK
[2024-04-14 02-36-01.374]-info:	200 - OK
[2024-04-14 02-36-01.386]-info:	200 - OK
[2024-04-14 08-35-19.832]-info:	200 - OK
[2024-04-14 08-35-20.257]-info:	200 - OK
[2024-04-14 08-35-20.369]-info:	200 - OK
[2024-04-14 09-43-47.795]-info:	200 - OK
[2024-04-14 09-43-48.260]-info:	200 - OK
[2024-04-14 09-43-48.299]-info:	200 - OK
