[2024-03-18 03-02-57.730]-info:	200 - OK
[2024-03-18 03-06-00.256]-error:	PUT - /api/v1/OnlineLS/user/update-role - 400 - Occuring with updating role.
[2024-03-18 03-06-31.121]-error:	PUT - /api/v1/OnlineLS/user/update-role - 400 - Occuring with updating role.
[2024-03-18 03-07-12.830]-info:	200 - OK
[2024-03-18 03-16-01.067]-error:	PUT - /api/v1/OnlineLS/user/update-role - 401 - Please login to access recourse.
[2024-03-18 03-16-23.709]-error:	GET - /api/v1/OnlineLS/user/refresh - 401 - Please login to access recourse.
[2024-03-18 03-16-33.485]-info:	200 - OK
[2024-03-18 03-17-14.233]-info:	200 - OK
[2024-03-18 03-17-35.482]-error:	PUT - /api/v1/OnlineLS/user/update-role - 400 - Required
[2024-03-18 03-18-00.739]-info:	200 - OK
[2024-03-18 03-20-45.761]-info:	200 - OK
[2024-03-18 03-42-38.423]-error:	POST - /api/v1/OnlineLS/course - 401 - Please login to access recourse.
[2024-03-18 03-42-44.927]-info:	200 - OK
[2024-03-18 03-42-53.554]-info:	201 - Created
[2024-03-18 03-47-44.496]-info:	200 - OK
[2024-03-18 03-47-48.526]-info:	200 - OK
[2024-03-18 03-50-08.212]-info:	200 - OK
[2024-03-18 03-51-37.797]-error:	PUT - /api/v1/OnlineLS/user/block-user/65e9a87bdcdcd4e7252d1b81 - 400 - Occuring with blocking user.
[2024-03-18 03-52-01.236]-info:	200 - OK
[2024-03-18 03-52-17.616]-info:	200 - OK
[2024-03-18 03-52-43.546]-info:	200 - OK
[2024-03-18 05-05-48.718]-info:	200 - OK
[2024-03-18 05-06-29.641]-error:	GET - /api/v1/OnlineLS/analytics/get-users-analytic - 404 - Page not found
[2024-03-18 05-06-38.507]-error:	GET - /api/v1/OnlineLS/analytic/get-users-analytic - 404 - Page not found
[2024-03-18 05-06-50.105]-error:	GET - /api/v1/OnlineLS/analytic/get-users-analytics - 404 - Page not found
[2024-03-18 05-07-20.686]-error:	GET - /api/v1/OnlineLS/analytic/get-users-analytics - 404 - Page not found
[2024-03-18 05-07-45.542]-info:	200 - OK
[2024-03-18 05-13-05.075]-error:	GET - /api/v1/OnlineLS/analytic/get-courses-analytics - 401 - Please login to access recourse.
[2024-03-18 05-13-10.178]-info:	200 - OK
[2024-03-18 05-13-21.239]-info:	200 - OK
[2024-03-18 05-22-38.026]-error:	GET - /api/v1/OnlineLS/analytic/get-orders-analytics - 401 - Please login to access recourse.
[2024-03-18 05-22-45.104]-info:	200 - OK
[2024-03-18 05-22-55.199]-info:	200 - OK
[2024-03-18 09-49-36.005]-info:	200 - OK
[2024-03-18 09-49-51.340]-error:	POST - /api/v1/OnlineLS/layout/create-layout - 500 - invalid signature
[2024-03-18 09-50-14.803]-info:	200 - OK
[2024-03-18 09-50-27.105]-error:	POST - /api/v1/OnlineLS/layout/create-layout - 500 - Layout validation failed: bannerImages.subTitle: Path `bannerImages.subTitle` is required., bannerImages.title: Path `bannerImages.title` is required.
[2024-03-18 09-51-32.577]-info:	200 - Layout created successfully
[2024-03-18 09-55-52.917]-error:	POST - /api/v1/OnlineLS/layout/create-layout - 401 - Please login to access recourse.
[2024-03-18 09-55-59.033]-info:	200 - OK
[2024-03-18 09-56-09.926]-info:	200 - Layout created successfully
[2024-03-18 10-01-06.060]-error:	POST - /api/v1/OnlineLS/layout/create-layout - 401 - Please login to access recourse.
[2024-03-18 10-01-16.973]-info:	200 - OK
[2024-03-18 10-01-39.098]-info:	200 - Layout created successfully
[2024-03-18 10-54-07.013]-error:	GET - /docs-api - 404 - Page not found
[2024-03-18 10-55-44.515]-error:	GET - /get-users-analytics - 404 - Page not found
[2024-03-18 11-00-06.496]-error:	GET - /api/v1/OnlineLS/layout/get-users-analytics - 404 - Page not found
[2024-03-18 11-00-55.049]-error:	GET - /api/v1/OnlineLS/layout/get-users-analytics - 404 - Page not found
[2024-03-18 11-02-45.711]-error:	GET - /api/v1/OnlineLS/analytic/get-users-analytics - 401 - Please login to access recourse.
[2024-03-18 11-04-41.968]-error:	POST - /register - 400 - Unexpected token '"', ""string"" is not valid JSON
