[2024-03-08 06-42-32.878]-info:	200 - OK
[2024-03-08 06-42-48.212]-error:	POST - /api/v1/OnlineLS/review - 400 - Something went wrong.
[2024-03-08 06-43-13.491]-error:	POST - /api/v1/OnlineLS/review - 400 - Something went wrong.
[2024-03-08 06-43-57.897]-error:	POST - /api/v1/OnlineLS/review - 400 - You are not eligible to access this course
[2024-03-08 06-45-52.796]-info:	200 - OK
[2024-03-08 06-46-16.719]-error:	POST - /api/v1/OnlineLS/review - 500 - Course validation failed: ratings: Cast to Number failed for value "NaN" (type number) at path "ratings"
[2024-03-08 06-49-08.293]-error:	POST - /api/v1/OnlineLS/review - 401 - Please login to access recourse.
[2024-03-08 06-49-14.510]-info:	200 - OK
[2024-03-08 06-49-29.506]-info:	201 - Created
[2024-03-08 06-54-35.471]-error:	POST - /api/v1/OnlineLS/review - 401 - Please login to access recourse.
[2024-03-08 06-54-41.324]-info:	200 - OK
[2024-03-08 06-54-45.448]-info:	201 - Created
[2024-03-08 06-55-43.894]-error:	POST - /api/v1/OnlineLS/review - 400 - You already review this course
[2024-03-08 09-03-35.109]-info:	200 - OK
[2024-03-08 09-03-58.194]-info:	200 - OK
[2024-03-08 09-16-31.826]-error:	POST - /api/v1/OnlineLS/order - 401 - Please login to access recourse.
[2024-03-08 09-16-37.681]-info:	200 - OK
[2024-03-08 09-16-47.324]-info:	200 - OK
[2024-03-08 11-00-40.465]-error:	POST - /api/v1/OnlineLS/user/login - 400 - Invalid email or password
[2024-03-08 11-00-49.125]-info:	200 - OK
[2024-03-08 11-01-47.299]-info:	200 - OK
[2024-03-08 11-15-43.163]-info:	200 - OK
[2024-03-08 11-15-50.300]-error:	PUT - /api/v1/OnlineLS/notification/65eb1dcba028cf359ff65846 - 400 - Unexpected end of JSON input
[2024-03-08 11-17-33.388]-error:	PUT - /api/v1/OnlineLS/notification/65eb1dcba028cf359ff65846 - 400 - Unexpected end of JSON input
[2024-03-08 11-18-03.710]-error:	PUT - /api/v1/OnlineLS/notification/65eb1dcba028cf359ff65846 - 400 - Unexpected end of JSON input
[2024-03-08 11-18-30.735]-error:	PUT - /api/v1/OnlineLS/notification/65eb1dcba028cf359ff65846 - 401 - Please login to access recourse.
[2024-03-08 11-18-37.773]-info:	200 - OK
[2024-03-08 11-18-42.547]-error:	PUT - /api/v1/OnlineLS/notification/65eb1dcba028cf359ff65846 - 400 - Occuring with update notification.
[2024-03-08 11-19-21.507]-info:	200 - OK
