[2024-04-08 06-22-06.497]-info:	200 - OK
[2024-04-08 06-22-06.653]-info:	200 - OK
[2024-04-08 06-22-13.073]-info:	200 - OK
[2024-04-08 06-22-13.535]-info:	200 - OK
[2024-04-08 06-22-13.709]-info:	200 - OK
[2024-04-08 06-23-20.185]-info:	200 - OK
[2024-04-08 06-23-20.924]-info:	200 - OK
[2024-04-08 06-23-21.018]-error:	GET - /api/v1/OnlineLS/user/me - 401 - User not found
[2024-04-08 06-24-36.580]-info:	200 - OK
[2024-04-08 06-25-09.050]-info:	200 - OK
[2024-04-08 06-25-09.501]-info:	200 - OK
[2024-04-08 06-27-41.697]-info:	200 - OK
[2024-04-08 06-27-52.520]-info:	200 - OK
[2024-04-08 06-27-53.630]-info:	200 - OK
[2024-04-08 06-27-53.820]-info:	200 - OK
[2024-04-08 06-30-21.492]-info:	200 - OK
[2024-04-08 06-33-19.625]-info:	200 - OK
[2024-04-08 06-33-20.008]-info:	200 - OK
[2024-04-08 06-34-10.532]-info:	200 - OK
[2024-04-08 06-36-36.257]-info:	200 - OK
[2024-04-08 06-36-37.955]-info:	200 - OK
[2024-04-08 06-36-38.452]-info:	200 - OK
[2024-04-08 06-36-51.713]-info:	200 - OK
[2024-04-08 06-37-22.916]-info:	200 - OK
[2024-04-08 06-37-40.442]-info:	200 - OK
[2024-04-08 06-40-13.879]-info:	200 - OK
[2024-04-08 06-40-28.787]-info:	200 - OK
[2024-04-08 06-43-54.991]-info:	200 - OK
[2024-04-08 06-43-55.399]-info:	200 - OK
[2024-04-08 06-59-45.961]-info:	200 - OK
[2024-04-08 06-59-46.569]-info:	200 - OK
[2024-04-08 07-46-31.672]-info:	200 - OK
[2024-04-08 07-46-34.069]-info:	200 - OK
[2024-04-08 07-46-46.307]-info:	200 - OK
[2024-04-08 07-46-46.664]-info:	200 - OK
[2024-04-08 07-49-28.248]-info:	200 - OK
[2024-04-08 07-49-29.174]-info:	200 - OK
[2024-04-08 07-49-32.078]-info:	200 - OK
[2024-04-08 07-49-32.440]-info:	200 - OK
[2024-04-08 07-49-38.044]-info:	200 - OK
[2024-04-08 07-49-38.152]-info:	200 - OK
[2024-04-08 08-56-21.986]-info:	200 - OK
[2024-04-08 08-56-22.680]-info:	200 - OK
[2024-04-08 09-01-49.027]-info:	200 - OK
[2024-04-08 09-01-49.611]-info:	200 - OK
[2024-04-08 09-06-14.408]-info:	200 - OK
[2024-04-08 09-06-14.884]-info:	200 - OK
[2024-04-08 09-31-37.647]-info:	200 - OK
[2024-04-08 09-31-38.272]-info:	200 - OK
[2024-04-08 09-34-06.977]-info:	200 - OK
[2024-04-08 09-34-07.436]-info:	200 - OK
[2024-04-08 09-36-16.333]-info:	200 - OK
[2024-04-08 09-36-16.581]-info:	200 - OK
[2024-04-08 09-38-34.159]-info:	200 - OK
[2024-04-08 09-38-34.864]-info:	200 - OK
[2024-04-08 09-38-53.451]-info:	200 - OK
[2024-04-08 09-38-54.239]-info:	200 - OK
[2024-04-08 09-40-13.413]-info:	200 - OK
[2024-04-08 09-40-13.942]-info:	200 - OK
[2024-04-08 09-41-27.460]-info:	200 - OK
[2024-04-08 09-41-28.554]-info:	200 - OK
[2024-04-08 09-51-42.646]-info:	200 - OK
[2024-04-08 09-51-43.857]-info:	200 - OK
[2024-04-08 09-55-01.805]-info:	200 - OK
[2024-04-08 09-55-02.415]-info:	200 - OK
[2024-04-08 09-55-30.419]-info:	200 - OK
[2024-04-08 09-55-30.899]-info:	200 - OK
[2024-04-08 09-56-12.098]-info:	200 - OK
[2024-04-08 09-56-12.477]-info:	200 - OK
[2024-04-08 09-58-46.349]-info:	200 - OK
[2024-04-08 09-58-46.569]-info:	200 - OK
[2024-04-08 09-59-11.118]-info:	200 - OK
[2024-04-08 09-59-11.575]-info:	200 - OK
[2024-04-08 10-26-13.986]-info:	200 - OK
[2024-04-08 10-26-14.473]-info:	200 - OK
[2024-04-08 10-27-28.918]-info:	200 - OK
[2024-04-08 10-27-29.091]-info:	200 - OK
[2024-04-08 10-43-36.408]-info:	200 - OK
[2024-04-08 10-43-36.800]-info:	200 - OK
[2024-04-08 10-43-47.199]-info:	200 - OK
[2024-04-08 10-43-47.391]-info:	200 - OK
[2024-04-08 10-43-54.635]-info:	200 - OK
[2024-04-08 10-43-54.882]-info:	200 - OK
[2024-04-08 10-47-06.798]-info:	200 - OK
[2024-04-08 10-47-07.135]-info:	200 - OK
[2024-04-08 10-47-16.591]-info:	200 - OK
[2024-04-08 10-47-16.684]-info:	200 - OK
[2024-04-08 11-07-09.469]-info:	200 - OK
[2024-04-08 11-07-10.157]-info:	200 - OK
[2024-04-08 11-10-09.191]-info:	200 - OK
[2024-04-08 11-10-09.631]-info:	200 - OK
[2024-04-08 11-13-50.469]-info:	200 - OK
[2024-04-08 11-13-50.814]-info:	200 - OK
[2024-04-08 11-13-57.921]-info:	200 - OK
[2024-04-08 11-13-58.111]-info:	200 - OK
[2024-04-08 11-14-04.599]-info:	200 - OK
[2024-04-08 11-14-04.804]-info:	200 - OK
[2024-04-08 11-15-21.751]-info:	200 - OK
[2024-04-08 11-15-21.847]-info:	200 - OK
[2024-04-08 11-16-41.880]-info:	200 - OK
[2024-04-08 11-16-45.400]-info:	200 - OK
[2024-04-08 11-38-21.830]-info:	200 - OK
[2024-04-08 11-38-22.471]-info:	200 - OK
[2024-04-08 11-38-41.018]-info:	200 - OK
[2024-04-08 11-38-41.230]-info:	200 - OK
[2024-04-08 11-38-43.874]-info:	200 - OK
[2024-04-08 11-38-43.938]-info:	200 - OK
[2024-04-08 11-38-48.879]-info:	200 - OK
[2024-04-08 11-38-49.074]-info:	200 - OK
[2024-04-08 11-39-45.992]-info:	200 - OK
[2024-04-08 11-39-46.189]-info:	200 - OK
[2024-04-08 11-39-54.587]-info:	200 - OK
[2024-04-08 11-39-54.798]-info:	200 - OK
[2024-04-08 11-40-01.726]-info:	200 - OK
[2024-04-08 11-40-01.836]-info:	200 - OK
[2024-04-08 11-55-26.140]-info:	200 - OK
[2024-04-08 11-55-27.352]-info:	200 - OK
[2024-04-08 12-24-14.471]-info:	200 - OK
[2024-04-08 12-24-15.018]-info:	200 - OK
[2024-04-08 01-57-53.714]-info:	200 - OK
[2024-04-08 01-57-56.011]-info:	200 - OK
[2024-04-08 01-59-52.579]-info:	200 - OK
[2024-04-08 01-59-53.112]-info:	200 - OK
[2024-04-08 02-00-01.532]-info:	200 - OK
[2024-04-08 02-00-01.569]-info:	200 - OK
[2024-04-08 02-02-10.414]-info:	200 - OK
[2024-04-08 02-02-10.729]-info:	200 - OK
[2024-04-08 02-05-16.655]-info:	200 - OK
[2024-04-08 02-05-18.459]-info:	200 - OK
[2024-04-08 02-06-19.133]-info:	200 - OK
[2024-04-08 02-06-21.642]-info:	200 - OK
[2024-04-08 02-07-24.283]-info:	200 - OK
[2024-04-08 02-07-26.335]-info:	200 - OK
[2024-04-08 02-09-24.371]-info:	200 - OK
[2024-04-08 02-09-24.896]-info:	200 - OK
[2024-04-08 02-11-57.478]-info:	200 - OK
[2024-04-08 02-11-57.892]-info:	200 - OK
[2024-04-08 02-22-17.102]-info:	200 - OK
[2024-04-08 02-22-17.830]-info:	200 - OK
[2024-04-08 02-22-41.071]-info:	200 - OK
[2024-04-08 02-22-41.477]-info:	200 - OK
[2024-04-08 02-23-56.501]-info:	200 - OK
[2024-04-08 02-23-57.970]-info:	200 - OK
[2024-04-08 07-30-12.156]-info:	200 - OK
[2024-04-08 07-30-12.561]-info:	200 - OK
[2024-04-08 07-43-23.544]-info:	200 - OK
[2024-04-08 07-43-23.900]-info:	200 - OK
[2024-04-08 08-05-22.411]-info:	200 - OK
[2024-04-08 08-05-23.015]-info:	200 - OK
[2024-04-08 08-05-32.028]-info:	200 - OK
[2024-04-08 08-05-32.054]-error:	GET - /api/v1/OnlineLS/user/refresh - 400 - invalid signature
[2024-04-08 08-05-32.836]-error:	GET - /api/v1/OnlineLS/user/me - 500 - invalid signature
[2024-04-08 08-05-46.490]-info:	200 - OK
[2024-04-08 08-06-29.951]-info:	200 - OK
[2024-04-08 08-06-30.697]-info:	200 - OK
[2024-04-08 08-06-47.874]-info:	200 - OK
[2024-04-08 08-06-48.549]-error:	GET - /api/v1/OnlineLS/user/refresh - 401 - Please provide client id to access resource.
[2024-04-08 08-06-48.844]-error:	GET - /api/v1/OnlineLS/user/me - 401 - Please login to access recourse.
[2024-04-08 08-06-55.565]-info:	200 - OK
[2024-04-08 08-09-06.731]-info:	200 - OK
[2024-04-08 08-09-08.480]-error:	GET - /api/v1/OnlineLS/user/refresh - 401 - Please provide client id to access resource.
[2024-04-08 08-09-09.683]-error:	GET - /api/v1/OnlineLS/user/me - 401 - Please login to access recourse.
[2024-04-08 08-09-18.541]-info:	200 - OK
[2024-04-08 08-28-03.066]-info:	200 - OK
[2024-04-08 08-28-04.064]-info:	200 - OK
[2024-04-08 08-33-43.178]-info:	200 - OK
[2024-04-08 08-33-43.296]-info:	200 - OK
[2024-04-08 08-34-50.901]-info:	200 - OK
[2024-04-08 08-34-51.617]-info:	200 - OK
[2024-04-08 08-40-07.479]-info:	200 - OK
[2024-04-08 08-40-08.021]-info:	200 - OK
[2024-04-08 08-41-58.871]-error:	POST - /api/v1/OnlineLS/course - 400 - Expected number, received string
[2024-04-08 08-42-04.779]-error:	POST - /api/v1/OnlineLS/course - 400 - Expected number, received string
[2024-04-08 08-43-00.910]-error:	POST - /api/v1/OnlineLS/course - 400 - Expected number, received string
[2024-04-08 08-46-37.632]-error:	POST - /api/v1/OnlineLS/course - 401 - Please login to access recourse.
[2024-04-08 08-46-49.358]-info:	200 - OK
[2024-04-08 08-46-49.788]-info:	200 - OK
[2024-04-08 08-50-43.839]-error:	POST - /api/v1/OnlineLS/course - 400 - Required
