[2024-03-09 08-30-28.748]-error:	GET - /api/v1/OnlineLS/user - 401 - Please login to access recourse.
[2024-03-09 08-30-39.544]-info:	200 - OK
[2024-03-09 08-30-49.715]-info:	200 - OK
[2024-03-09 08-30-54.662]-error:	GET - /api/v1/OnlineLS/order - 404 - Page not found
[2024-03-09 08-31-09.549]-info:	200 - OK
[2024-03-09 08-31-20.514]-error:	GET - /api/v1/OnlineLS/course - 400 - Required
[2024-03-09 08-32-00.441]-error:	GET - /api/v1/OnlineLS/order - 404 - Page not found
[2024-03-09 08-33-24.938]-error:	GET - /api/v1/OnlineLS/course - 400 - Required
[2024-03-09 08-33-41.458]-error:	GET - /api/v1/OnlineLS/course - 500 - func is not a function
[2024-03-09 08-34-20.675]-error:	GET - /api/v1/OnlineLS/order - 500 - Cast to ObjectId failed for value "65e54d9c3f11d722cf622912s" (type string) at path "user" for model "UserKey"
[2024-03-09 08-34-41.435]-error:	GET - /api/v1/OnlineLS/order - 400 - Required
[2024-03-09 08-34-58.849]-error:	GET - /api/v1/OnlineLS/order - 500 - func is not a function
[2024-03-09 08-35-48.632]-error:	GET - /api/v1/OnlineLS/order - 401 - Please login to access recourse.
[2024-03-09 08-35-57.491]-error:	GET - /api/v1/OnlineLS/user/refresh - 401 - Please login to access recourse.
[2024-03-09 08-36-05.252]-error:	GET - /api/v1/OnlineLS/user/refresh - 401 - Please login to access recourse.
[2024-03-09 08-36-38.556]-info:	200 - OK
[2024-03-09 08-37-19.827]-info:	200 - OK
[2024-03-09 08-37-29.549]-error:	GET - /api/v1/OnlineLS/course - 500 - func is not a function
[2024-03-09 08-39-40.850]-info:	200 - OK
[2024-03-09 08-40-42.484]-info:	200 - OK
